[2020-12-16 12:41:42] alias_create_execute
alias_create_execute () 
{ 
    for _path in "$rvm_rubies_path" "$rvm_gems_path" "$rvm_environments_path" "$rvm_wrappers_path";
    do
        if [[ -L "$_path/$alias_name" ]]; then
            \command \rm -fv "$_path/$alias_name" || return $?;
        fi;
        \command \ln -fs "$_path/$rvm_ruby_string" "$_path/$alias_name" || return $?;
    done;
    __rvm_db_ "$rvm_path/config/alias" "$alias_name" "$rvm_ruby_string"
}
current path: /home/ivar
GEM_PATH=/home/ivar/.rvm/gems/ruby-2.7.1:/home/ivar/.rvm/gems/ruby-2.7.1@global
GEM_HOME=/home/ivar/.rvm/gems/ruby-2.7.1
PATH=/home/ivar/.rvm/gems/ruby-2.7.1/bin:/home/ivar/.rvm/gems/ruby-2.7.1@global/bin:/home/ivar/.rvm/rubies/ruby-2.7.1/bin:/home/ivar/.rvm/bin:/usr/local/sbin:/usr/local/bin:/usr/sbin:/usr/bin:/sbin:/bin:/usr/games:/usr/local/games:/mnt/c/Program Files/WindowsApps/CanonicalGroupLimited.UbuntuonWindows_2004.2020.812.0_x64__79rhkp1fndgsc:/mnt/c/Program Files (x86)/Common Files/Oracle/Java/javapath:/mnt/c/Windows/system32:/mnt/c/Windows:/mnt/c/Windows/System32/Wbem:/mnt/c/Windows/System32/WindowsPowerShell/v1.0:/mnt/c/Windows/System32/OpenSSH:/mnt/c/Users/wardm/AppData/Local/Microsoft/WindowsApps:/snap/bin
command(1): alias_create_execute
+ for _path in "$rvm_rubies_path" "$rvm_gems_path" "$rvm_environments_path" "$rvm_wrappers_path"
+ [[ -L /home/ivar/.rvm/rubies/default ]]
+ command ln -fs /home/ivar/.rvm/rubies/ruby-2.7.1 /home/ivar/.rvm/rubies/default
+ ln -fs /home/ivar/.rvm/rubies/ruby-2.7.1 /home/ivar/.rvm/rubies/default
+ for _path in "$rvm_rubies_path" "$rvm_gems_path" "$rvm_environments_path" "$rvm_wrappers_path"
+ [[ -L /home/ivar/.rvm/gems/default ]]
+ command ln -fs /home/ivar/.rvm/gems/ruby-2.7.1 /home/ivar/.rvm/gems/default
+ ln -fs /home/ivar/.rvm/gems/ruby-2.7.1 /home/ivar/.rvm/gems/default
+ for _path in "$rvm_rubies_path" "$rvm_gems_path" "$rvm_environments_path" "$rvm_wrappers_path"
+ [[ -L /home/ivar/.rvm/environments/default ]]
+ command ln -fs /home/ivar/.rvm/environments/ruby-2.7.1 /home/ivar/.rvm/environments/default
+ ln -fs /home/ivar/.rvm/environments/ruby-2.7.1 /home/ivar/.rvm/environments/default
+ for _path in "$rvm_rubies_path" "$rvm_gems_path" "$rvm_environments_path" "$rvm_wrappers_path"
+ [[ -L /home/ivar/.rvm/wrappers/default ]]
+ command ln -fs /home/ivar/.rvm/wrappers/ruby-2.7.1 /home/ivar/.rvm/wrappers/default
+ ln -fs /home/ivar/.rvm/wrappers/ruby-2.7.1 /home/ivar/.rvm/wrappers/default
+ __rvm_db_ /home/ivar/.rvm/config/alias default ruby-2.7.1
+ typeset __db __key __value
+ __db=/home/ivar/.rvm/config/alias
+ __key=default
+ shift 2
+ __value=ruby-2.7.1
+ case "${__value}" in
+ __rvm_db_add /home/ivar/.rvm/config/alias default ruby-2.7.1
+ typeset __dir=/home/ivar/.rvm/config
+ [[ -f /home/ivar/.rvm/config/alias ]]
+ __rvm_db_remove /home/ivar/.rvm/config/alias default
+ [[ -f /home/ivar/.rvm/config/alias ]]
+ __rvm_sed -e '\#^default=# d' -e '/^$/d' /home/ivar/.rvm/config/alias
+ sed -e '\#^default=# d' -e '/^$/d' /home/ivar/.rvm/config/alias
+ command mv -f /home/ivar/.rvm/config/alias.new /home/ivar/.rvm/config/alias
+ mv -f /home/ivar/.rvm/config/alias.new /home/ivar/.rvm/config/alias
+ printf '%b=%b\n' default ruby-2.7.1
